15-Mar-2025 15:48:00.517 INFO [main] org.apache.catalina.startup.VersionLoggerListener.log Nom version serveur :              Apache Tomcat/10.1.36
15-Mar-2025 15:48:00.527 INFO [main] org.apache.catalina.startup.VersionLoggerListener.log Serveur compilé :                  Feb 13 2025 13:13:30 UTC
15-Mar-2025 15:48:00.527 INFO [main] org.apache.catalina.startup.VersionLoggerListener.log Version du serveur :               10.1.36.0
15-Mar-2025 15:48:00.528 INFO [main] org.apache.catalina.startup.VersionLoggerListener.log Nom de l'OS :                      Windows 11
15-Mar-2025 15:48:00.529 INFO [main] org.apache.catalina.startup.VersionLoggerListener.log Version OS :                       10.0
15-Mar-2025 15:48:00.529 INFO [main] org.apache.catalina.startup.VersionLoggerListener.log Architecture :                     amd64
15-Mar-2025 15:48:00.530 INFO [main] org.apache.catalina.startup.VersionLoggerListener.log Java Home :                        C:\Program Files\Java\jdk-23
15-Mar-2025 15:48:00.531 INFO [main] org.apache.catalina.startup.VersionLoggerListener.log Version JVM :                      23.0.1+11-39
15-Mar-2025 15:48:00.531 INFO [main] org.apache.catalina.startup.VersionLoggerListener.log Fournisseur de la JVM :            Oracle Corporation
15-Mar-2025 15:48:00.532 INFO [main] org.apache.catalina.startup.VersionLoggerListener.log CATALINA_BASE :                    C:\Users\Youssef\Downloads\ConstructionXpert_Services_Solution-main\ConstructionXpert_Services_Solution-main
15-Mar-2025 15:48:00.532 INFO [main] org.apache.catalina.startup.VersionLoggerListener.log CATALINA_HOME :                    C:\Program Files\Apache Software Foundation\Tomcat 10.1
15-Mar-2025 15:48:00.562 INFO [main] org.apache.catalina.startup.VersionLoggerListener.log Argument de la ligne de commande : --add-opens=java.base/java.lang=ALL-UNNAMED
15-Mar-2025 15:48:00.562 INFO [main] org.apache.catalina.startup.VersionLoggerListener.log Argument de la ligne de commande : --add-opens=java.base/java.io=ALL-UNNAMED
15-Mar-2025 15:48:00.563 INFO [main] org.apache.catalina.startup.VersionLoggerListener.log Argument de la ligne de commande : --add-opens=java.base/java.util=ALL-UNNAMED
15-Mar-2025 15:48:00.563 INFO [main] org.apache.catalina.startup.VersionLoggerListener.log Argument de la ligne de commande : --add-opens=java.base/java.util.concurrent=ALL-UNNAMED
15-Mar-2025 15:48:00.563 INFO [main] org.apache.catalina.startup.VersionLoggerListener.log Argument de la ligne de commande : --add-opens=java.rmi/sun.rmi.transport=ALL-UNNAMED
15-Mar-2025 15:48:00.564 INFO [main] org.apache.catalina.startup.VersionLoggerListener.log Argument de la ligne de commande : -Dcatalina.home=C:\Program Files\Apache Software Foundation\Tomcat 10.1
15-Mar-2025 15:48:00.564 INFO [main] org.apache.catalina.startup.VersionLoggerListener.log Argument de la ligne de commande : -Dcatalina.base=C:\Users\Youssef\Downloads\ConstructionXpert_Services_Solution-main\ConstructionXpert_Services_Solution-main
15-Mar-2025 15:48:00.565 INFO [main] org.apache.catalina.startup.VersionLoggerListener.log Argument de la ligne de commande : -Djava.io.tmpdir=C:\Users\Youssef\Downloads\ConstructionXpert_Services_Solution-main\ConstructionXpert_Services_Solution-main\temp
15-Mar-2025 15:48:00.566 INFO [main] org.apache.catalina.startup.VersionLoggerListener.log Argument de la ligne de commande : -Djava.util.logging.config.file=C:\Users\Youssef\Downloads\ConstructionXpert_Services_Solution-main\ConstructionXpert_Services_Solution-main\conf\logging.properties
15-Mar-2025 15:48:00.567 INFO [main] org.apache.catalina.startup.VersionLoggerListener.log Argument de la ligne de commande : -Djava.util.logging.manager=org.apache.juli.ClassLoaderLogManager
15-Mar-2025 15:48:00.568 INFO [main] org.apache.catalina.startup.VersionLoggerListener.log Argument de la ligne de commande : -javaagent:C:\Program Files\JetBrains\IntelliJ IDEA 2024.3.1\lib\idea_rt.jar=54232:C:\Program Files\JetBrains\IntelliJ IDEA 2024.3.1\bin
15-Mar-2025 15:48:00.570 INFO [main] org.apache.catalina.startup.VersionLoggerListener.log Argument de la ligne de commande : -Dfile.encoding=UTF-8
15-Mar-2025 15:48:00.570 INFO [main] org.apache.catalina.startup.VersionLoggerListener.log Argument de la ligne de commande : -Dsun.stdout.encoding=UTF-8
15-Mar-2025 15:48:00.571 INFO [main] org.apache.catalina.startup.VersionLoggerListener.log Argument de la ligne de commande : -Dsun.stderr.encoding=UTF-8
15-Mar-2025 15:48:00.577 INFO [main] org.apache.catalina.core.AprLifecycleListener.lifecycleEvent Chargement de la librairie Apache Tomcat Native [2.0.8] en utilisant APR version [1.7.4]
15-Mar-2025 15:48:00.589 INFO [main] org.apache.catalina.core.AprLifecycleListener.initializeSSL OpenSSL a été initialisé avec succès [OpenSSL 3.0.14 4 Jun 2024]
15-Mar-2025 15:48:01.464 INFO [main] org.apache.coyote.AbstractProtocol.init Initialisation du gestionnaire de protocole ["http-nio-8080"]
15-Mar-2025 15:48:01.510 INFO [main] org.apache.catalina.startup.Catalina.load L'initialisation du serveur a pris [1720] millisecondes
15-Mar-2025 15:48:01.719 INFO [main] org.apache.catalina.core.StandardService.startInternal Démarrage du service [Catalina]
15-Mar-2025 15:48:01.721 INFO [main] org.apache.catalina.core.StandardEngine.startInternal Démarrage du moteur de Servlets : [Apache Tomcat/10.1.36]
15-Mar-2025 15:48:01.764 INFO [main] org.apache.catalina.startup.HostConfig.deployDescriptor Déploiement du descripteur de configuration [C:\Users\Youssef\Downloads\ConstructionXpert_Services_Solution-main\ConstructionXpert_Services_Solution-main\conf\Catalina\localhost\ConstructionXpert_Services_Solution.xml]
15-Mar-2025 15:48:03.775 INFO [main] org.apache.jasper.servlet.TldScanner.scanJars Au moins un fichier JAR a été analysé pour trouver des TLDs mais il n'en contenait pas, le mode "debug" du journal peut être activé pour obtenir une liste complète de JAR scannés sans succès ; éviter d'analyser des JARs inutilement peut améliorer sensiblement le temps de démarrage et le temps de compilation des JSPs
15-Mar-2025 15:48:03.953 INFO [main] org.apache.catalina.startup.HostConfig.deployDescriptor Le traitement du descripteur de déploiement [C:\Users\Youssef\Downloads\ConstructionXpert_Services_Solution-main\ConstructionXpert_Services_Solution-main\conf\Catalina\localhost\ConstructionXpert_Services_Solution.xml] a pris [2 184] ms
15-Mar-2025 15:48:03.963 INFO [main] org.apache.coyote.AbstractProtocol.start Démarrage du gestionnaire de protocole ["http-nio-8080"]
15-Mar-2025 15:48:04.017 INFO [main] org.apache.catalina.startup.Catalina.start Le démarrage du serveur a pris [2504] millisecondes
15-Mar-2025 15:48:27.041 INFO [Thread-1] org.apache.coyote.AbstractProtocol.pause Le gestionnaire de protocole ["http-nio-8080"] est mis en pause
15-Mar-2025 15:48:27.057 INFO [Thread-1] org.apache.catalina.core.StandardService.stopInternal Arrêt du service [Catalina]
15-Mar-2025 15:48:27.073 INFO [Thread-1] org.apache.coyote.AbstractProtocol.stop Arrêt du gestionnaire de protocole ["http-nio-8080"]
15-Mar-2025 15:48:27.096 INFO [Thread-1] org.apache.coyote.AbstractProtocol.destroy Destruction du gestionnaire de protocole ["http-nio-8080"]
15-Mar-2025 15:51:38.602 INFO [main] org.apache.catalina.startup.VersionLoggerListener.log Nom version serveur :              Apache Tomcat/10.1.36
15-Mar-2025 15:51:38.613 INFO [main] org.apache.catalina.startup.VersionLoggerListener.log Serveur compilé :                  Feb 13 2025 13:13:30 UTC
15-Mar-2025 15:51:38.614 INFO [main] org.apache.catalina.startup.VersionLoggerListener.log Version du serveur :               10.1.36.0
15-Mar-2025 15:51:38.614 INFO [main] org.apache.catalina.startup.VersionLoggerListener.log Nom de l'OS :                      Windows 11
15-Mar-2025 15:51:38.614 INFO [main] org.apache.catalina.startup.VersionLoggerListener.log Version OS :                       10.0
15-Mar-2025 15:51:38.615 INFO [main] org.apache.catalina.startup.VersionLoggerListener.log Architecture :                     amd64
15-Mar-2025 15:51:38.615 INFO [main] org.apache.catalina.startup.VersionLoggerListener.log Java Home :                        C:\Program Files\Java\jdk-23
15-Mar-2025 15:51:38.615 INFO [main] org.apache.catalina.startup.VersionLoggerListener.log Version JVM :                      23.0.1+11-39
15-Mar-2025 15:51:38.616 INFO [main] org.apache.catalina.startup.VersionLoggerListener.log Fournisseur de la JVM :            Oracle Corporation
15-Mar-2025 15:51:38.616 INFO [main] org.apache.catalina.startup.VersionLoggerListener.log CATALINA_BASE :                    C:\Users\Youssef\Downloads\ConstructionXpert_Services_Solution-main\ConstructionXpert_Services_Solution-main
15-Mar-2025 15:51:38.617 INFO [main] org.apache.catalina.startup.VersionLoggerListener.log CATALINA_HOME :                    C:\Program Files\Apache Software Foundation\Tomcat 10.1
15-Mar-2025 15:51:38.643 INFO [main] org.apache.catalina.startup.VersionLoggerListener.log Argument de la ligne de commande : --add-opens=java.base/java.lang=ALL-UNNAMED
15-Mar-2025 15:51:38.643 INFO [main] org.apache.catalina.startup.VersionLoggerListener.log Argument de la ligne de commande : --add-opens=java.base/java.io=ALL-UNNAMED
15-Mar-2025 15:51:38.644 INFO [main] org.apache.catalina.startup.VersionLoggerListener.log Argument de la ligne de commande : --add-opens=java.base/java.util=ALL-UNNAMED
15-Mar-2025 15:51:38.644 INFO [main] org.apache.catalina.startup.VersionLoggerListener.log Argument de la ligne de commande : --add-opens=java.base/java.util.concurrent=ALL-UNNAMED
15-Mar-2025 15:51:38.644 INFO [main] org.apache.catalina.startup.VersionLoggerListener.log Argument de la ligne de commande : --add-opens=java.rmi/sun.rmi.transport=ALL-UNNAMED
15-Mar-2025 15:51:38.645 INFO [main] org.apache.catalina.startup.VersionLoggerListener.log Argument de la ligne de commande : -Dcatalina.home=C:\Program Files\Apache Software Foundation\Tomcat 10.1
15-Mar-2025 15:51:38.645 INFO [main] org.apache.catalina.startup.VersionLoggerListener.log Argument de la ligne de commande : -Dcatalina.base=C:\Users\Youssef\Downloads\ConstructionXpert_Services_Solution-main\ConstructionXpert_Services_Solution-main
15-Mar-2025 15:51:38.645 INFO [main] org.apache.catalina.startup.VersionLoggerListener.log Argument de la ligne de commande : -Djava.io.tmpdir=C:\Users\Youssef\Downloads\ConstructionXpert_Services_Solution-main\ConstructionXpert_Services_Solution-main\temp
15-Mar-2025 15:51:38.645 INFO [main] org.apache.catalina.startup.VersionLoggerListener.log Argument de la ligne de commande : -Djava.util.logging.config.file=C:\Users\Youssef\Downloads\ConstructionXpert_Services_Solution-main\ConstructionXpert_Services_Solution-main\conf\logging.properties
15-Mar-2025 15:51:38.645 INFO [main] org.apache.catalina.startup.VersionLoggerListener.log Argument de la ligne de commande : -Djava.util.logging.manager=org.apache.juli.ClassLoaderLogManager
15-Mar-2025 15:51:38.646 INFO [main] org.apache.catalina.startup.VersionLoggerListener.log Argument de la ligne de commande : -javaagent:C:\Program Files\JetBrains\IntelliJ IDEA 2024.3.1\lib\idea_rt.jar=54275:C:\Program Files\JetBrains\IntelliJ IDEA 2024.3.1\bin
15-Mar-2025 15:51:38.646 INFO [main] org.apache.catalina.startup.VersionLoggerListener.log Argument de la ligne de commande : -Dfile.encoding=UTF-8
15-Mar-2025 15:51:38.646 INFO [main] org.apache.catalina.startup.VersionLoggerListener.log Argument de la ligne de commande : -Dsun.stdout.encoding=UTF-8
15-Mar-2025 15:51:38.646 INFO [main] org.apache.catalina.startup.VersionLoggerListener.log Argument de la ligne de commande : -Dsun.stderr.encoding=UTF-8
15-Mar-2025 15:51:38.652 INFO [main] org.apache.catalina.core.AprLifecycleListener.lifecycleEvent Chargement de la librairie Apache Tomcat Native [2.0.8] en utilisant APR version [1.7.4]
15-Mar-2025 15:51:38.664 INFO [main] org.apache.catalina.core.AprLifecycleListener.initializeSSL OpenSSL a été initialisé avec succès [OpenSSL 3.0.14 4 Jun 2024]
15-Mar-2025 15:51:39.446 INFO [main] org.apache.coyote.AbstractProtocol.init Initialisation du gestionnaire de protocole ["http-nio-8080"]
15-Mar-2025 15:51:39.493 INFO [main] org.apache.catalina.startup.Catalina.load L'initialisation du serveur a pris [1476] millisecondes
15-Mar-2025 15:51:39.665 INFO [main] org.apache.catalina.core.StandardService.startInternal Démarrage du service [Catalina]
15-Mar-2025 15:51:39.666 INFO [main] org.apache.catalina.core.StandardEngine.startInternal Démarrage du moteur de Servlets : [Apache Tomcat/10.1.36]
15-Mar-2025 15:51:39.699 INFO [main] org.apache.catalina.startup.HostConfig.deployDescriptor Déploiement du descripteur de configuration [C:\Users\Youssef\Downloads\ConstructionXpert_Services_Solution-main\ConstructionXpert_Services_Solution-main\conf\Catalina\localhost\ConstructionXpert_Services_Solution.xml]
15-Mar-2025 15:51:41.259 INFO [main] org.apache.jasper.servlet.TldScanner.scanJars Au moins un fichier JAR a été analysé pour trouver des TLDs mais il n'en contenait pas, le mode "debug" du journal peut être activé pour obtenir une liste complète de JAR scannés sans succès ; éviter d'analyser des JARs inutilement peut améliorer sensiblement le temps de démarrage et le temps de compilation des JSPs
15-Mar-2025 15:51:41.392 INFO [main] org.apache.catalina.startup.HostConfig.deployDescriptor Le traitement du descripteur de déploiement [C:\Users\Youssef\Downloads\ConstructionXpert_Services_Solution-main\ConstructionXpert_Services_Solution-main\conf\Catalina\localhost\ConstructionXpert_Services_Solution.xml] a pris [1 690] ms
15-Mar-2025 15:51:41.400 INFO [main] org.apache.coyote.AbstractProtocol.start Démarrage du gestionnaire de protocole ["http-nio-8080"]
15-Mar-2025 15:51:41.430 INFO [main] org.apache.catalina.startup.Catalina.start Le démarrage du serveur a pris [1932] millisecondes
15-Mar-2025 15:52:04.669 INFO [Thread-1] org.apache.coyote.AbstractProtocol.pause Le gestionnaire de protocole ["http-nio-8080"] est mis en pause
15-Mar-2025 15:52:04.684 INFO [Thread-1] org.apache.catalina.core.StandardService.stopInternal Arrêt du service [Catalina]
15-Mar-2025 15:52:04.695 INFO [Thread-1] org.apache.coyote.AbstractProtocol.stop Arrêt du gestionnaire de protocole ["http-nio-8080"]
15-Mar-2025 15:52:04.721 INFO [Thread-1] org.apache.coyote.AbstractProtocol.destroy Destruction du gestionnaire de protocole ["http-nio-8080"]
15-Mar-2025 15:52:49.267 INFO [main] org.apache.catalina.startup.VersionLoggerListener.log Nom version serveur :              Apache Tomcat/10.1.36
15-Mar-2025 15:52:49.279 INFO [main] org.apache.catalina.startup.VersionLoggerListener.log Serveur compilé :                  Feb 13 2025 13:13:30 UTC
15-Mar-2025 15:52:49.281 INFO [main] org.apache.catalina.startup.VersionLoggerListener.log Version du serveur :               10.1.36.0
15-Mar-2025 15:52:49.282 INFO [main] org.apache.catalina.startup.VersionLoggerListener.log Nom de l'OS :                      Windows 11
15-Mar-2025 15:52:49.283 INFO [main] org.apache.catalina.startup.VersionLoggerListener.log Version OS :                       10.0
15-Mar-2025 15:52:49.283 INFO [main] org.apache.catalina.startup.VersionLoggerListener.log Architecture :                     amd64
15-Mar-2025 15:52:49.285 INFO [main] org.apache.catalina.startup.VersionLoggerListener.log Java Home :                        C:\Program Files\Java\jdk-23
15-Mar-2025 15:52:49.285 INFO [main] org.apache.catalina.startup.VersionLoggerListener.log Version JVM :                      23.0.1+11-39
15-Mar-2025 15:52:49.286 INFO [main] org.apache.catalina.startup.VersionLoggerListener.log Fournisseur de la JVM :            Oracle Corporation
15-Mar-2025 15:52:49.286 INFO [main] org.apache.catalina.startup.VersionLoggerListener.log CATALINA_BASE :                    C:\Users\Youssef\Downloads\ConstructionXpert_Services_Solution-main\ConstructionXpert_Services_Solution-main
15-Mar-2025 15:52:49.286 INFO [main] org.apache.catalina.startup.VersionLoggerListener.log CATALINA_HOME :                    C:\Program Files\Apache Software Foundation\Tomcat 10.1
15-Mar-2025 15:52:49.311 INFO [main] org.apache.catalina.startup.VersionLoggerListener.log Argument de la ligne de commande : --add-opens=java.base/java.lang=ALL-UNNAMED
15-Mar-2025 15:52:49.312 INFO [main] org.apache.catalina.startup.VersionLoggerListener.log Argument de la ligne de commande : --add-opens=java.base/java.io=ALL-UNNAMED
15-Mar-2025 15:52:49.312 INFO [main] org.apache.catalina.startup.VersionLoggerListener.log Argument de la ligne de commande : --add-opens=java.base/java.util=ALL-UNNAMED
15-Mar-2025 15:52:49.312 INFO [main] org.apache.catalina.startup.VersionLoggerListener.log Argument de la ligne de commande : --add-opens=java.base/java.util.concurrent=ALL-UNNAMED
15-Mar-2025 15:52:49.313 INFO [main] org.apache.catalina.startup.VersionLoggerListener.log Argument de la ligne de commande : --add-opens=java.rmi/sun.rmi.transport=ALL-UNNAMED
15-Mar-2025 15:52:49.313 INFO [main] org.apache.catalina.startup.VersionLoggerListener.log Argument de la ligne de commande : -Dcatalina.home=C:\Program Files\Apache Software Foundation\Tomcat 10.1
15-Mar-2025 15:52:49.313 INFO [main] org.apache.catalina.startup.VersionLoggerListener.log Argument de la ligne de commande : -Dcatalina.base=C:\Users\Youssef\Downloads\ConstructionXpert_Services_Solution-main\ConstructionXpert_Services_Solution-main
15-Mar-2025 15:52:49.313 INFO [main] org.apache.catalina.startup.VersionLoggerListener.log Argument de la ligne de commande : -Djava.io.tmpdir=C:\Users\Youssef\Downloads\ConstructionXpert_Services_Solution-main\ConstructionXpert_Services_Solution-main\temp
15-Mar-2025 15:52:49.314 INFO [main] org.apache.catalina.startup.VersionLoggerListener.log Argument de la ligne de commande : -Djava.util.logging.config.file=C:\Users\Youssef\Downloads\ConstructionXpert_Services_Solution-main\ConstructionXpert_Services_Solution-main\conf\logging.properties
15-Mar-2025 15:52:49.314 INFO [main] org.apache.catalina.startup.VersionLoggerListener.log Argument de la ligne de commande : -Djava.util.logging.manager=org.apache.juli.ClassLoaderLogManager
15-Mar-2025 15:52:49.314 INFO [main] org.apache.catalina.startup.VersionLoggerListener.log Argument de la ligne de commande : -javaagent:C:\Program Files\JetBrains\IntelliJ IDEA 2024.3.1\lib\idea_rt.jar=54287:C:\Program Files\JetBrains\IntelliJ IDEA 2024.3.1\bin
15-Mar-2025 15:52:49.315 INFO [main] org.apache.catalina.startup.VersionLoggerListener.log Argument de la ligne de commande : -Dfile.encoding=UTF-8
15-Mar-2025 15:52:49.315 INFO [main] org.apache.catalina.startup.VersionLoggerListener.log Argument de la ligne de commande : -Dsun.stdout.encoding=UTF-8
15-Mar-2025 15:52:49.315 INFO [main] org.apache.catalina.startup.VersionLoggerListener.log Argument de la ligne de commande : -Dsun.stderr.encoding=UTF-8
15-Mar-2025 15:52:49.321 INFO [main] org.apache.catalina.core.AprLifecycleListener.lifecycleEvent Chargement de la librairie Apache Tomcat Native [2.0.8] en utilisant APR version [1.7.4]
15-Mar-2025 15:52:49.334 INFO [main] org.apache.catalina.core.AprLifecycleListener.initializeSSL OpenSSL a été initialisé avec succès [OpenSSL 3.0.14 4 Jun 2024]
15-Mar-2025 15:52:50.266 INFO [main] org.apache.coyote.AbstractProtocol.init Initialisation du gestionnaire de protocole ["http-nio-8080"]
15-Mar-2025 15:52:50.308 INFO [main] org.apache.catalina.startup.Catalina.load L'initialisation du serveur a pris [1680] millisecondes
15-Mar-2025 15:52:50.554 INFO [main] org.apache.catalina.core.StandardService.startInternal Démarrage du service [Catalina]
15-Mar-2025 15:52:50.555 INFO [main] org.apache.catalina.core.StandardEngine.startInternal Démarrage du moteur de Servlets : [Apache Tomcat/10.1.36]
15-Mar-2025 15:52:50.582 INFO [main] org.apache.catalina.startup.HostConfig.deployDescriptor Déploiement du descripteur de configuration [C:\Users\Youssef\Downloads\ConstructionXpert_Services_Solution-main\ConstructionXpert_Services_Solution-main\conf\Catalina\localhost\ConstructionXpert_Services_Solution.xml]
15-Mar-2025 15:52:52.661 INFO [main] org.apache.jasper.servlet.TldScanner.scanJars Au moins un fichier JAR a été analysé pour trouver des TLDs mais il n'en contenait pas, le mode "debug" du journal peut être activé pour obtenir une liste complète de JAR scannés sans succès ; éviter d'analyser des JARs inutilement peut améliorer sensiblement le temps de démarrage et le temps de compilation des JSPs
15-Mar-2025 15:52:52.817 INFO [main] org.apache.catalina.startup.HostConfig.deployDescriptor Le traitement du descripteur de déploiement [C:\Users\Youssef\Downloads\ConstructionXpert_Services_Solution-main\ConstructionXpert_Services_Solution-main\conf\Catalina\localhost\ConstructionXpert_Services_Solution.xml] a pris [2 232] ms
15-Mar-2025 15:52:52.828 INFO [main] org.apache.coyote.AbstractProtocol.start Démarrage du gestionnaire de protocole ["http-nio-8080"]
15-Mar-2025 15:52:52.861 INFO [main] org.apache.catalina.startup.Catalina.start Le démarrage du serveur a pris [2548] millisecondes
15-Mar-2025 15:53:30.964 INFO [Thread-1] org.apache.coyote.AbstractProtocol.pause Le gestionnaire de protocole ["http-nio-8080"] est mis en pause
15-Mar-2025 15:53:30.996 INFO [Thread-1] org.apache.catalina.core.StandardService.stopInternal Arrêt du service [Catalina]
15-Mar-2025 15:53:31.040 INFO [Thread-1] org.apache.coyote.AbstractProtocol.stop Arrêt du gestionnaire de protocole ["http-nio-8080"]
15-Mar-2025 15:53:31.043 INFO [Thread-1] org.apache.coyote.AbstractProtocol.destroy Destruction du gestionnaire de protocole ["http-nio-8080"]
